#
# A fatal error has been detected by the Java Runtime Environment:
#
#  SIGSEGV (0xb) at pc=0x00000001085c8fda, pid=12109, tid=3335
#
# JRE version: Java(TM) SE Runtime Environment (8.0_73-b02) (build 1.8.0_73-b02)
# Java VM: Java HotSpot(TM) 64-Bit Server VM (25.73-b02 mixed mode bsd-amd64 compressed oops)
# Problematic frame:
# V  [libjvm.dylib+0x3c8fda]  LinkResolver::resolve_invokevirtual(CallInfo&, Handle, constantPoolHandle, int, Thread*)+0x100
#
# Failed to write core dump. Core dumps have been disabled. To enable core dumping, try "ulimit -c unlimited" before starting Java again
#
# If you would like to submit a bug report, please visit:
#   http://bugreport.java.com/bugreport/crash.jsp
#

---------------  T H R E A D  ---------------

Current thread (0x00007fc842001800):  JavaThread "main" [_thread_in_vm, id=3335, stack(0x000070000011a000,0x000070000021a000)]

siginfo: si_signo: 11 (SIGSEGV), si_code: 1 (SEGV_MAPERR), si_addr: 0x0000000000000020

Registers:
RAX=0x0000000000000018, RBX=0x000000011d58d948, RCX=0x0000000000000003, RDX=0x00007fc840d190f0
RSP=0x00007000002188b0, RBP=0x0000700000218930, RSI=0x0000000108a30930, RDI=0x00007fc840d00970
R8 =0x00007000002188f0, R9 =0x0000000000000044, R10=0x0000000108af2180, R11=0x00000001092dd120
R12=0x00007fc840d01368, R13=0x0000700000218a78, R14=0x00007fc842001800, R15=0x0000000000000044
RIP=0x00000001085c8fda, EFLAGS=0x0000000000010202, ERR=0x0000000000000004
  TRAPNO=0x000000000000000e

Top of Stack: (sp=0x00007000002188b0)
0x00007000002188b0:   00007fc842001800 000000010872bfc2
0x00007000002188c0:   00000003002188f0 00007fc842001800
0x00007000002188d0:   00000007c0084828 00007fc840c48220
0x00007000002188e0:   00007fc840c481e0 00000007c0084a68
0x00007000002188f0:   000000011d58d948 00007fc842001800
0x0000700000218900:   000000011d58d948 00007fc840d01368
0x0000700000218910:   0000700000218a78 000000011d58d948
0x0000700000218920:   00007fc842001800 0000000000000044
0x0000700000218930:   0000700000218a00 00000001085cab01
0x0000700000218940:   00007000002189b8 00007000002189b8
0x0000700000218950:   0000700000218970 00000001083f12b4
0x0000700000218960:   00007fc842001800 000000011d58d948
0x0000700000218970:   00007fc842001800 00000001084e7570
0x0000700000218980:   00007000002189d0 0000700000218c70
0x0000700000218990:   00000001091ec0a3 00000001091d05d0
0x00007000002189a0:   0000700000000000 0000700000218cc8
0x00007000002189b0:   0000700000218c70 0000700000218c70
0x00007000002189c0:   00000001091ec0a3 00000001091d05d0
0x00007000002189d0:   000000011d58d948 00007fc842001800
0x00007000002189e0:   0000700000218ae0 000000011d58e453
0x00007000002189f0:   000000011d58d948 0000000000000044
0x0000700000218a00:   0000700000218c50 00000001084e5269
0x0000700000218a10:   00007fc840c47c40 00007fc840c47c40
0x0000700000218a20:   00007fc840d01368 000000b600000000
0x0000700000218a30:   000000011d58e453 00007000000000b6
0x0000700000218a40:   000000011d58e498 00007fc842001800
0x0000700000218a50:   00007fc840d00940 00007fc840d00f50
0x0000700000218a60:   00007fc840d00f60 00007fc840d01338
0x0000700000218a70:   00000000000003d8 0000000000000000
0x0000700000218a80:   0000000000000000 0000000000000000
0x0000700000218a90:   0000000000000000 0000000000000000
0x0000700000218aa0:   0000000000000000 0000700000218b10 

Instructions: (pc=0x00000001085c8fda)
0x00000001085c8fba:   75 04 31 d2 eb 29 48 8d 05 bd 0b 51 00 80 38 00
0x00000001085c8fca:   49 8b 04 24 74 15 48 8d 35 59 79 46 00 8a 4e 08
0x00000001085c8fda:   8b 50 08 48 d3 e2 48 03 16 eb 04 48 8b 50 08 48
0x00000001085c8fea:   8b 4d b8 4c 8b 45 b0 4c 8b 4d a8 4c 89 74 24 18 

Register to memory mapping:

RAX=0x0000000000000018 is an unknown value
RBX=0x000000011d58d948 is pointing into metadata
RCX=0x0000000000000003 is an unknown value
RDX=0x00007fc840d190f0 is an unknown value
RSP=0x00007000002188b0 is pointing into the stack for thread: 0x00007fc842001800
RBP=0x0000700000218930 is pointing into the stack for thread: 0x00007fc842001800
RSI=0x0000000108a30930: _ZN8Universe13_narrow_klassE+0 in /Library/Java/JavaVirtualMachines/jdk1.8.0_73.jdk/Contents/Home/jre/lib/server/libjvm.dylib at 0x0000000108200000
RDI=0x00007fc840d00970 is an unknown value
R8 =0x00007000002188f0 is pointing into the stack for thread: 0x00007fc842001800
R9 =0x0000000000000044 is an unknown value
R10=0x0000000108af2180: _ZN19TemplateInterpreter13_active_tableE+0x3800 in /Library/Java/JavaVirtualMachines/jdk1.8.0_73.jdk/Contents/Home/jre/lib/server/libjvm.dylib at 0x0000000108200000
R11=0x00000001092dd120 is at entry_point+32 in (nmethod*)0x00000001092dcf90
R12=0x00007fc840d01368 is an unknown value
R13=0x0000700000218a78 is pointing into the stack for thread: 0x00007fc842001800
R14=0x00007fc842001800 is a thread
R15=0x0000000000000044 is an unknown value


Stack: [0x000070000011a000,0x000070000021a000],  sp=0x00007000002188b0,  free space=1018k
Native frames: (J=compiled Java code, j=interpreted, Vv=VM code, C=native code)
V  [libjvm.dylib+0x3c8fda]  LinkResolver::resolve_invokevirtual(CallInfo&, Handle, constantPoolHandle, int, Thread*)+0x100
V  [libjvm.dylib+0x3cab01]  LinkResolver::resolve_invoke(CallInfo&, Handle, constantPoolHandle, int, Bytecodes::Code, Thread*)+0x205
V  [libjvm.dylib+0x2e5269]  InterpreterRuntime::resolve_invoke(JavaThread*, Bytecodes::Code)+0x371
j  AcyclicGraph.walkVertex(LAcyclicGraph$Vertex;)V+99
j  AcyclicGraph.repOK()Z+43
v  ~StubRoutines::call_stub
V  [libjvm.dylib+0x2eae7a]  JavaCalls::call_helper(JavaValue*, methodHandle*, JavaCallArguments*, Thread*)+0x6ae
V  [libjvm.dylib+0x4cb3ac]  Reflection::invoke(instanceKlassHandle, methodHandle, Handle, bool, objArrayHandle, BasicType, objArrayHandle, bool, Thread*)+0xe12
V  [libjvm.dylib+0x4cb8e0]  Reflection::invoke_method(oopDesc*, Handle, objArrayHandle, Thread*)+0x16c
V  [libjvm.dylib+0x34308c]  JVM_InvokeMethod+0x166
J 330  sun.reflect.NativeMethodAccessorImpl.invoke0(Ljava/lang/reflect/Method;Ljava/lang/Object;[Ljava/lang/Object;)Ljava/lang/Object; (0 bytes) @ 0x000000010937baed [0x000000010937ba00+0xed]
J 311 C1 sun.reflect.NativeMethodAccessorImpl.invoke(Ljava/lang/Object;[Ljava/lang/Object;)Ljava/lang/Object; (104 bytes) @ 0x0000000109377e54 [0x0000000109376c80+0x11d4]
J 329 C1 sun.reflect.DelegatingMethodAccessorImpl.invoke(Ljava/lang/Object;[Ljava/lang/Object;)Ljava/lang/Object; (10 bytes) @ 0x000000010937da4c [0x000000010937d940+0x10c]
J 323 C1 java.lang.reflect.Method.invoke(Ljava/lang/Object;[Ljava/lang/Object;)Ljava/lang/Object; (62 bytes) @ 0x000000010937ed94 [0x000000010937e9a0+0x3f4]
j  korat.testing.impl.TestCradle.checkPredicate(Ljava/lang/Object;Ljava/lang/reflect/Method;)Z+10
j  korat.testing.impl.TestCradle.startTestGeneration(Lkorat/finitization/IFinitization;)V+136
j  korat.testing.impl.TestCradle.start(Ljava/lang/Class;[Ljava/lang/String;)V+34
j  korat.testing.impl.TestCradle.start(Ljava/lang/String;[Ljava/lang/String;)V+12
j  korat.Korat.main([Ljava/lang/String;)V+102
v  ~StubRoutines::call_stub
V  [libjvm.dylib+0x2eae7a]  JavaCalls::call_helper(JavaValue*, methodHandle*, JavaCallArguments*, Thread*)+0x6ae
V  [libjvm.dylib+0x321bec]  jni_invoke_static(JNIEnv_*, JavaValue*, _jobject*, JNICallType, _jmethodID*, JNI_ArgumentPusher*, Thread*)+0x1bf
V  [libjvm.dylib+0x31a966]  jni_CallStaticVoidMethod+0x15d
C  [java+0x393e]  JavaMain+0x9b1
C  [libsystem_pthread.dylib+0x399d]  _pthread_body+0x83
C  [libsystem_pthread.dylib+0x391a]  _pthread_body+0x0
C  [libsystem_pthread.dylib+0x1351]  thread_start+0xd
C  0x0000000000000000

Java frames: (J=compiled Java code, j=interpreted, Vv=VM code)
j  AcyclicGraph.walkVertex(LAcyclicGraph$Vertex;)V+99
j  AcyclicGraph.repOK()Z+43
v  ~StubRoutines::call_stub
J 330  sun.reflect.NativeMethodAccessorImpl.invoke0(Ljava/lang/reflect/Method;Ljava/lang/Object;[Ljava/lang/Object;)Ljava/lang/Object; (0 bytes) @ 0x000000010937ba77 [0x000000010937ba00+0x77]
J 311 C1 sun.reflect.NativeMethodAccessorImpl.invoke(Ljava/lang/Object;[Ljava/lang/Object;)Ljava/lang/Object; (104 bytes) @ 0x0000000109377e54 [0x0000000109376c80+0x11d4]
J 329 C1 sun.reflect.DelegatingMethodAccessorImpl.invoke(Ljava/lang/Object;[Ljava/lang/Object;)Ljava/lang/Object; (10 bytes) @ 0x000000010937da4c [0x000000010937d940+0x10c]
J 323 C1 java.lang.reflect.Method.invoke(Ljava/lang/Object;[Ljava/lang/Object;)Ljava/lang/Object; (62 bytes) @ 0x000000010937ed94 [0x000000010937e9a0+0x3f4]
j  korat.testing.impl.TestCradle.checkPredicate(Ljava/lang/Object;Ljava/lang/reflect/Method;)Z+10
j  korat.testing.impl.TestCradle.startTestGeneration(Lkorat/finitization/IFinitization;)V+136
j  korat.testing.impl.TestCradle.start(Ljava/lang/Class;[Ljava/lang/String;)V+34
j  korat.testing.impl.TestCradle.start(Ljava/lang/String;[Ljava/lang/String;)V+12
j  korat.Korat.main([Ljava/lang/String;)V+102
v  ~StubRoutines::call_stub

---------------  P R O C E S S  ---------------

Java Threads: ( => current thread )
  0x00007fc842094000 JavaThread "Service Thread" daemon [_thread_blocked, id=18691, stack(0x0000700000e44000,0x0000700000f44000)]
  0x00007fc842091000 JavaThread "C1 CompilerThread2" daemon [_thread_blocked, id=18179, stack(0x0000700000d41000,0x0000700000e41000)]
  0x00007fc842035000 JavaThread "C2 CompilerThread1" daemon [_thread_blocked, id=17667, stack(0x0000700000c3e000,0x0000700000d3e000)]
  0x00007fc84207d000 JavaThread "C2 CompilerThread0" daemon [_thread_blocked, id=17155, stack(0x0000700000b3b000,0x0000700000c3b000)]
  0x00007fc84207c000 JavaThread "Signal Dispatcher" daemon [_thread_blocked, id=12815, stack(0x0000700000a38000,0x0000700000b38000)]
  0x00007fc842062000 JavaThread "Finalizer" daemon [_thread_blocked, id=12291, stack(0x000070000082f000,0x000070000092f000)]
  0x00007fc842061800 JavaThread "Reference Handler" daemon [_thread_blocked, id=11779, stack(0x000070000072c000,0x000070000082c000)]
=>0x00007fc842001800 JavaThread "main" [_thread_in_vm, id=3335, stack(0x000070000011a000,0x000070000021a000)]

Other Threads:
  0x00007fc84205e800 VMThread [stack: 0x0000700000629000,0x0000700000729000] [id=11267]
  0x00007fc842094800 WatcherThread [stack: 0x0000700000f47000,0x0000700001047000] [id=19203]

VM state:not at safepoint (normal execution)

VM Mutex/Monitor currently owned by a thread: None

Heap:
 PSYoungGen      total 38400K, used 8022K [0x0000000795580000, 0x0000000798000000, 0x00000007c0000000)
  eden space 33280K, 24% used [0x0000000795580000,0x0000000795d55ae8,0x0000000797600000)
  from space 5120K, 0% used [0x0000000797b00000,0x0000000797b00000,0x0000000798000000)
  to   space 5120K, 0% used [0x0000000797600000,0x0000000797600000,0x0000000797b00000)
 ParOldGen       total 87552K, used 0K [0x0000000740000000, 0x0000000745580000, 0x0000000795580000)
  object space 87552K, 0% used [0x0000000740000000,0x0000000740000000,0x0000000745580000)
 Metaspace       used 4784K, capacity 6050K, committed 6272K, reserved 1056768K
  class space    used 498K, capacity 536K, committed 640K, reserved 1048576K

Card table byte_map: [0x000000011858b000,0x000000011898c000] byte_map_base: 0x0000000114b8b000

Marking Bits: (ParMarkBitMap*) 0x0000000108ae3ea0
 Begin Bits: [0x0000000118c37000, 0x000000011ac37000)
 End Bits:   [0x000000011ac37000, 0x000000011cc37000)

Polling page: 0x00000001079f1000

CodeCache: size=245760Kb used=1846Kb max_used=1846Kb free=243913Kb
 bounds [0x00000001091cb000, 0x000000010943b000, 0x00000001181cb000]
 total_blobs=629 nmethods=362 adapters=181
 compilation: enabled

Compilation events (10 events):
Event: 0.262 Thread 0x00007fc842091000 nmethod 355 0x0000000109394790 code [0x0000000109394920, 0x0000000109394de8]
Event: 0.262 Thread 0x00007fc842091000  356       3       java.util.regex.Matcher::matches (10 bytes)
Event: 0.262 Thread 0x00007fc842091000 nmethod 356 0x0000000109394f50 code [0x00000001093950c0, 0x00000001093952c8]
Event: 0.262 Thread 0x00007fc842091000  352       3       java.util.regex.Pattern::compile (10 bytes)
Event: 0.262 Thread 0x00007fc842091000 nmethod 352 0x0000000109395350 code [0x00000001093954c0, 0x00000001093956a8]
Event: 0.262 Thread 0x00007fc842091000  359       3       java.util.BitSet::get (69 bytes)
Event: 0.262 Thread 0x00007fc842091000 nmethod 359 0x0000000109395750 code [0x0000000109395960, 0x00000001093962e8]
Event: 0.262 Thread 0x00007fc842091000  360       3       java.util.zip.ZipFile::getZipEntry (236 bytes)
Event: 0.263 Thread 0x00007fc842091000 nmethod 360 0x0000000109396790 code [0x00000001093969e0, 0x0000000109397548]
Event: 0.263 Thread 0x00007fc842091000  361       3       java.security.CodeSource::getCertificates (98 bytes)

GC Heap History (0 events):
No events

Deoptimization events (0 events):
No events

Internal exceptions (6 events):
Event: 0.041 Thread 0x00007fc842001800 Exception <a 'java/lang/NoSuchMethodError': Method sun.misc.Unsafe.defineClass(Ljava/lang/String;[BII)Ljava/lang/Class; name or signature does not match> (0x0000000795592f68) thrown at [/HUDSON3/workspace/8-2-build-macosx-x86_64/jdk8u73/6086/hotspot/src/s
Event: 0.041 Thread 0x00007fc842001800 Exception <a 'java/lang/NoSuchMethodError': Method sun.misc.Unsafe.prefetchRead(Ljava/lang/Object;J)V name or signature does not match> (0x0000000795593250) thrown at [/HUDSON3/workspace/8-2-build-macosx-x86_64/jdk8u73/6086/hotspot/src/share/vm/prims/jni.
Event: 0.117 Thread 0x00007fc842001800 Exception <a 'java/security/PrivilegedActionException'> (0x0000000795840200) thrown at [/HUDSON3/workspace/8-2-build-macosx-x86_64/jdk8u73/6086/hotspot/src/share/vm/prims/jvm.cpp, line 1386]
Event: 0.117 Thread 0x00007fc842001800 Exception <a 'java/security/PrivilegedActionException'> (0x0000000795840410) thrown at [/HUDSON3/workspace/8-2-build-macosx-x86_64/jdk8u73/6086/hotspot/src/share/vm/prims/jvm.cpp, line 1386]
Event: 0.117 Thread 0x00007fc842001800 Exception <a 'java/security/PrivilegedActionException'> (0x00000007958436b0) thrown at [/HUDSON3/workspace/8-2-build-macosx-x86_64/jdk8u73/6086/hotspot/src/share/vm/prims/jvm.cpp, line 1386]
Event: 0.117 Thread 0x00007fc842001800 Exception <a 'java/security/PrivilegedActionException'> (0x00000007958438c0) thrown at [/HUDSON3/workspace/8-2-build-macosx-x86_64/jdk8u73/6086/hotspot/src/share/vm/prims/jvm.cpp, line 1386]

Events (10 events):
Event: 0.260 loading class java/util/IdentityHashMap$EntryIterator$Entry
Event: 0.260 loading class java/util/IdentityHashMap$EntryIterator$Entry done
Event: 0.261 loading class korat/utils/IntListAI
Event: 0.261 loading class korat/utils/IntListAI done
Event: 0.262 loading class korat/utils/IIntList
Event: 0.262 loading class korat/utils/IIntList done
Event: 0.262 loading class korat/finitization/impl/CandidateBuilder
Event: 0.262 loading class korat/finitization/impl/CandidateBuilder done
Event: 0.262 loading class korat/finitization/impl/ObjSet$CacheElement
Event: 0.262 loading class korat/finitization/impl/ObjSet$CacheElement done


Dynamic libraries:
0x000000000325e000 	/System/Library/Frameworks/Cocoa.framework/Versions/A/Cocoa
0x000000000325e000 	/System/Library/Frameworks/Security.framework/Versions/A/Security
0x000000000325e000 	/System/Library/Frameworks/ApplicationServices.framework/Versions/A/ApplicationServices
0x000000000325e000 	/usr/lib/libz.1.dylib
0x000000000325e000 	/usr/lib/libSystem.B.dylib
0x000000000325e000 	/usr/lib/libobjc.A.dylib
0x000000000325e000 	/System/Library/Frameworks/CoreFoundation.framework/Versions/A/CoreFoundation
0x000000000325e000 	/System/Library/Frameworks/Foundation.framework/Versions/C/Foundation
0x000000000325e000 	/System/Library/Frameworks/AppKit.framework/Versions/C/AppKit
0x000000000325e000 	/System/Library/Frameworks/CoreData.framework/Versions/A/CoreData
0x000000000325e000 	/System/Library/PrivateFrameworks/RemoteViewServices.framework/Versions/A/RemoteViewServices
0x000000000325e000 	/System/Library/PrivateFrameworks/UIFoundation.framework/Versions/A/UIFoundation
0x000000000325e000 	/usr/lib/libScreenReader.dylib
0x000000000325e000 	/System/Library/Frameworks/Accelerate.framework/Versions/A/Accelerate
0x000000000325e000 	/System/Library/Frameworks/IOSurface.framework/Versions/A/IOSurface
0x000000000325e000 	/System/Library/Frameworks/AudioToolbox.framework/Versions/A/AudioToolbox
0x000000000325e000 	/System/Library/Frameworks/AudioUnit.framework/Versions/A/AudioUnit
0x000000000325e000 	/System/Library/PrivateFrameworks/DataDetectorsCore.framework/Versions/A/DataDetectorsCore
0x000000000325e000 	/System/Library/PrivateFrameworks/DesktopServicesPriv.framework/Versions/A/DesktopServicesPriv
0x000000000325e000 	/System/Library/Frameworks/Carbon.framework/Versions/A/Frameworks/HIToolbox.framework/Versions/A/HIToolbox
0x000000000325e000 	/System/Library/Frameworks/QuartzCore.framework/Versions/A/QuartzCore
0x000000000325e000 	/System/Library/Frameworks/Carbon.framework/Versions/A/Frameworks/SpeechRecognition.framework/Versions/A/SpeechRecognition
0x000000000325e000 	/usr/lib/libauto.dylib
0x000000000325e000 	/usr/lib/libicucore.A.dylib
0x000000000325e000 	/usr/lib/libxml2.2.dylib
0x000000000325e000 	/System/Library/PrivateFrameworks/CoreUI.framework/Versions/A/CoreUI
0x000000000325e000 	/System/Library/Frameworks/CoreAudio.framework/Versions/A/CoreAudio
0x000000000325e000 	/System/Library/Frameworks/DiskArbitration.framework/Versions/A/DiskArbitration
0x000000000325e000 	/usr/lib/liblangid.dylib
0x000000000325e000 	/System/Library/PrivateFrameworks/MultitouchSupport.framework/Versions/A/MultitouchSupport
0x000000000325e000 	/System/Library/Frameworks/IOKit.framework/Versions/A/IOKit
0x000000000325e000 	/usr/lib/libDiagnosticMessagesClient.dylib
0x000000000325e000 	/System/Library/Frameworks/CoreServices.framework/Versions/A/CoreServices
0x000000000325e000 	/System/Library/PrivateFrameworks/PerformanceAnalysis.framework/Versions/A/PerformanceAnalysis
0x000000000325e000 	/System/Library/PrivateFrameworks/GenerationalStorage.framework/Versions/A/GenerationalStorage
0x000000000325e000 	/System/Library/Frameworks/OpenGL.framework/Versions/A/OpenGL
0x000000000325e000 	/System/Library/PrivateFrameworks/Sharing.framework/Versions/A/Sharing
0x000000000325e000 	/System/Library/Frameworks/CoreGraphics.framework/Versions/A/CoreGraphics
0x000000000325e000 	/System/Library/Frameworks/CoreImage.framework/Versions/A/CoreImage
0x000000000325e000 	/System/Library/Frameworks/CoreText.framework/Versions/A/CoreText
0x000000000325e000 	/System/Library/Frameworks/ImageIO.framework/Versions/A/ImageIO
0x000000000325e000 	/System/Library/PrivateFrameworks/Backup.framework/Versions/A/Backup
0x000000000325e000 	/usr/lib/libextension.dylib
0x000000000325e000 	/usr/lib/libarchive.2.dylib
0x000000000325e000 	/System/Library/Frameworks/CFNetwork.framework/Versions/A/CFNetwork
0x000000000325e000 	/System/Library/Frameworks/SystemConfiguration.framework/Versions/A/SystemConfiguration
0x000000000325e000 	/usr/lib/libCRFSuite.dylib
0x000000000325e000 	/usr/lib/libc++.1.dylib
0x000000000325e000 	/usr/lib/libc++abi.dylib
0x000000000325e000 	/usr/lib/system/libcache.dylib
0x000000000325e000 	/usr/lib/system/libcommonCrypto.dylib
0x000000000325e000 	/usr/lib/system/libcompiler_rt.dylib
0x000000000325e000 	/usr/lib/system/libcopyfile.dylib
0x000000000325e000 	/usr/lib/system/libcorecrypto.dylib
0x000000000325e000 	/usr/lib/system/libdispatch.dylib
0x000000000325e000 	/usr/lib/system/libdyld.dylib
0x000000000325e000 	/usr/lib/system/libkeymgr.dylib
0x000000000325e000 	/usr/lib/system/liblaunch.dylib
0x000000000325e000 	/usr/lib/system/libmacho.dylib
0x000000000325e000 	/usr/lib/system/libquarantine.dylib
0x000000000325e000 	/usr/lib/system/libremovefile.dylib
0x000000000325e000 	/usr/lib/system/libsystem_asl.dylib
0x000000000325e000 	/usr/lib/system/libsystem_blocks.dylib
0x000000000325e000 	/usr/lib/system/libsystem_c.dylib
0x000000000325e000 	/usr/lib/system/libsystem_configuration.dylib
0x000000000325e000 	/usr/lib/system/libsystem_coreservices.dylib
0x000000000325e000 	/usr/lib/system/libsystem_coretls.dylib
0x000000000325e000 	/usr/lib/system/libsystem_dnssd.dylib
0x000000000325e000 	/usr/lib/system/libsystem_info.dylib
0x000000000325e000 	/usr/lib/system/libsystem_kernel.dylib
0x000000000325e000 	/usr/lib/system/libsystem_m.dylib
0x000000000325e000 	/usr/lib/system/libsystem_malloc.dylib
0x000000000325e000 	/usr/lib/system/libsystem_network.dylib
0x000000000325e000 	/usr/lib/system/libsystem_networkextension.dylib
0x000000000325e000 	/usr/lib/system/libsystem_notify.dylib
0x000000000325e000 	/usr/lib/system/libsystem_platform.dylib
0x000000000325e000 	/usr/lib/system/libsystem_pthread.dylib
0x000000000325e000 	/usr/lib/system/libsystem_sandbox.dylib
0x000000000325e000 	/usr/lib/system/libsystem_secinit.dylib
0x000000000325e000 	/usr/lib/system/libsystem_trace.dylib
0x000000000325e000 	/usr/lib/system/libunc.dylib
0x000000000325e000 	/usr/lib/system/libunwind.dylib
0x000000000325e000 	/usr/lib/system/libxpc.dylib
0x000000000325e000 	/usr/lib/libenergytrace.dylib
0x000000000325e000 	/usr/lib/libbsm.0.dylib
0x000000000325e000 	/usr/lib/system/libkxld.dylib
0x000000000325e000 	/usr/lib/libxar.1.dylib
0x000000000325e000 	/usr/lib/libsqlite3.dylib
0x000000000325e000 	/usr/lib/libpam.2.dylib
0x000000000325e000 	/usr/lib/libOpenScriptingUtil.dylib
0x000000000325e000 	/usr/lib/libbz2.1.0.dylib
0x000000000325e000 	/usr/lib/liblzma.5.dylib
0x000000000325e000 	/System/Library/Frameworks/CoreServices.framework/Versions/A/Frameworks/FSEvents.framework/Versions/A/FSEvents
0x000000000325e000 	/System/Library/Frameworks/CoreServices.framework/Versions/A/Frameworks/CarbonCore.framework/Versions/A/CarbonCore
0x000000000325e000 	/System/Library/Frameworks/CoreServices.framework/Versions/A/Frameworks/Metadata.framework/Versions/A/Metadata
0x000000000325e000 	/System/Library/Frameworks/CoreServices.framework/Versions/A/Frameworks/OSServices.framework/Versions/A/OSServices
0x000000000325e000 	/System/Library/Frameworks/CoreServices.framework/Versions/A/Frameworks/SearchKit.framework/Versions/A/SearchKit
0x000000000325e000 	/System/Library/Frameworks/CoreServices.framework/Versions/A/Frameworks/AE.framework/Versions/A/AE
0x000000000325e000 	/System/Library/Frameworks/CoreServices.framework/Versions/A/Frameworks/LaunchServices.framework/Versions/A/LaunchServices
0x000000000325e000 	/System/Library/Frameworks/CoreServices.framework/Versions/A/Frameworks/DictionaryServices.framework/Versions/A/DictionaryServices
0x000000000325e000 	/System/Library/Frameworks/CoreServices.framework/Versions/A/Frameworks/SharedFileList.framework/Versions/A/SharedFileList
0x000000000325e000 	/System/Library/Frameworks/NetFS.framework/Versions/A/NetFS
0x000000000325e000 	/System/Library/PrivateFrameworks/NetAuth.framework/Versions/A/NetAuth
0x000000000325e000 	/System/Library/PrivateFrameworks/login.framework/Versions/A/Frameworks/loginsupport.framework/Versions/A/loginsupport
0x000000000325e000 	/System/Library/PrivateFrameworks/TCC.framework/Versions/A/TCC
0x000000000325e000 	/usr/lib/libmecabra.dylib
0x000000000325e000 	/System/Library/Frameworks/ApplicationServices.framework/Versions/A/Frameworks/ATS.framework/Versions/A/ATS
0x000000000325e000 	/System/Library/Frameworks/ApplicationServices.framework/Versions/A/Frameworks/ColorSync.framework/Versions/A/ColorSync
0x000000000325e000 	/System/Library/Frameworks/ApplicationServices.framework/Versions/A/Frameworks/HIServices.framework/Versions/A/HIServices
0x000000000325e000 	/System/Library/Frameworks/ApplicationServices.framework/Versions/A/Frameworks/LangAnalysis.framework/Versions/A/LangAnalysis
0x000000000325e000 	/System/Library/Frameworks/ApplicationServices.framework/Versions/A/Frameworks/PrintCore.framework/Versions/A/PrintCore
0x000000000325e000 	/System/Library/Frameworks/ApplicationServices.framework/Versions/A/Frameworks/QD.framework/Versions/A/QD
0x000000000325e000 	/System/Library/Frameworks/ApplicationServices.framework/Versions/A/Frameworks/SpeechSynthesis.framework/Versions/A/SpeechSynthesis
0x000000000325e000 	/System/Library/Frameworks/Metal.framework/Versions/A/Metal
0x000000000325e000 	/System/Library/Frameworks/Accelerate.framework/Versions/A/Frameworks/vImage.framework/Versions/A/vImage
0x000000000325e000 	/System/Library/Frameworks/Accelerate.framework/Versions/A/Frameworks/vecLib.framework/Versions/A/vecLib
0x000000000325e000 	/System/Library/Frameworks/Accelerate.framework/Versions/A/Frameworks/vecLib.framework/Versions/A/libvDSP.dylib
0x000000000325e000 	/System/Library/Frameworks/Accelerate.framework/Versions/A/Frameworks/vecLib.framework/Versions/A/libvMisc.dylib
0x000000000325e000 	/System/Library/Frameworks/Accelerate.framework/Versions/A/Frameworks/vecLib.framework/Versions/A/libLAPACK.dylib
0x000000000325e000 	/System/Library/Frameworks/Accelerate.framework/Versions/A/Frameworks/vecLib.framework/Versions/A/libBLAS.dylib
0x000000000325e000 	/System/Library/Frameworks/Accelerate.framework/Versions/A/Frameworks/vecLib.framework/Versions/A/libLinearAlgebra.dylib
0x000000000325e000 	/System/Library/Frameworks/Accelerate.framework/Versions/A/Frameworks/vecLib.framework/Versions/A/libSparseBLAS.dylib
0x000000000325e000 	/System/Library/PrivateFrameworks/GPUCompiler.framework/libmetal_timestamp.dylib
0x000000000325e000 	/System/Library/Frameworks/OpenGL.framework/Versions/A/Libraries/libCoreFSCache.dylib
0x000000000325e000 	/System/Library/PrivateFrameworks/IOAccelerator.framework/Versions/A/IOAccelerator
0x000000000325e000 	/System/Library/Frameworks/ApplicationServices.framework/Versions/A/Frameworks/ATS.framework/Versions/A/Resources/libFontParser.dylib
0x000000000325e000 	/System/Library/Frameworks/ApplicationServices.framework/Versions/A/Frameworks/ATS.framework/Versions/A/Resources/libFontRegistry.dylib
0x000000000325e000 	/System/Library/PrivateFrameworks/AppleVPA.framework/Versions/A/AppleVPA
0x000000000325e000 	/System/Library/PrivateFrameworks/AppleJPEG.framework/Versions/A/AppleJPEG
0x000000000325e000 	/System/Library/Frameworks/ImageIO.framework/Versions/A/Resources/libJPEG.dylib
0x000000000325e000 	/System/Library/Frameworks/ImageIO.framework/Versions/A/Resources/libTIFF.dylib
0x000000000325e000 	/System/Library/Frameworks/ImageIO.framework/Versions/A/Resources/libPng.dylib
0x000000000325e000 	/System/Library/Frameworks/ImageIO.framework/Versions/A/Resources/libGIF.dylib
0x000000000325e000 	/System/Library/Frameworks/ImageIO.framework/Versions/A/Resources/libJP2.dylib
0x000000000325e000 	/System/Library/Frameworks/ImageIO.framework/Versions/A/Resources/libRadiance.dylib
0x000000000325e000 	/System/Library/Frameworks/CoreVideo.framework/Versions/A/CoreVideo
0x000000000325e000 	/System/Library/Frameworks/OpenGL.framework/Versions/A/Libraries/libGLU.dylib
0x000000000325e000 	/System/Library/Frameworks/OpenGL.framework/Versions/A/Libraries/libGFXShared.dylib
0x000000000325e000 	/System/Library/Frameworks/OpenGL.framework/Versions/A/Libraries/libGL.dylib
0x000000000325e000 	/System/Library/Frameworks/OpenGL.framework/Versions/A/Libraries/libGLImage.dylib
0x000000000325e000 	/System/Library/Frameworks/OpenGL.framework/Versions/A/Libraries/libCVMSPluginSupport.dylib
0x000000000325e000 	/System/Library/Frameworks/OpenGL.framework/Versions/A/Libraries/libCoreVMClient.dylib
0x000000000325e000 	/usr/lib/libcompression.dylib
0x000000000325e000 	/usr/lib/libcups.2.dylib
0x000000000325e000 	/System/Library/Frameworks/Kerberos.framework/Versions/A/Kerberos
0x000000000325e000 	/System/Library/Frameworks/GSS.framework/Versions/A/GSS
0x000000000325e000 	/usr/lib/libresolv.9.dylib
0x000000000325e000 	/usr/lib/libiconv.2.dylib
0x000000000325e000 	/System/Library/PrivateFrameworks/Heimdal.framework/Versions/A/Heimdal
0x000000000325e000 	/usr/lib/libheimdal-asn1.dylib
0x000000000325e000 	/System/Library/Frameworks/OpenDirectory.framework/Versions/A/OpenDirectory
0x000000000325e000 	/System/Library/PrivateFrameworks/CommonAuth.framework/Versions/A/CommonAuth
0x000000000325e000 	/System/Library/Frameworks/OpenDirectory.framework/Versions/A/Frameworks/CFOpenDirectory.framework/Versions/A/CFOpenDirectory
0x000000000325e000 	/System/Library/Frameworks/SecurityFoundation.framework/Versions/A/SecurityFoundation
0x000000000325e000 	/System/Library/PrivateFrameworks/LanguageModeling.framework/Versions/A/LanguageModeling
0x000000000325e000 	/usr/lib/libmarisa.dylib
0x000000000325e000 	/usr/lib/libChineseTokenizer.dylib
0x000000000325e000 	/usr/lib/libcmph.dylib
0x000000000325e000 	/System/Library/Frameworks/ServiceManagement.framework/Versions/A/ServiceManagement
0x000000000325e000 	/usr/lib/libxslt.1.dylib
0x000000000325e000 	/System/Library/Frameworks/Carbon.framework/Versions/A/Frameworks/Ink.framework/Versions/A/Ink
0x000000000325e000 	/usr/lib/libFosl_dynamic.dylib
0x000000000325e000 	/System/Library/PrivateFrameworks/FaceCore.framework/Versions/A/FaceCore
0x000000000325e000 	/System/Library/Frameworks/OpenCL.framework/Versions/A/OpenCL
0x000000000325e000 	/System/Library/PrivateFrameworks/CrashReporterSupport.framework/Versions/A/CrashReporterSupport
0x000000000325e000 	/System/Library/PrivateFrameworks/IconServices.framework/Versions/A/IconServices
0x000000000325e000 	/System/Library/PrivateFrameworks/Apple80211.framework/Versions/A/Apple80211
0x000000000325e000 	/System/Library/Frameworks/CoreWLAN.framework/Versions/A/CoreWLAN
0x000000000325e000 	/System/Library/Frameworks/IOBluetooth.framework/Versions/A/IOBluetooth
0x000000000325e000 	/System/Library/PrivateFrameworks/CoreWiFi.framework/Versions/A/CoreWiFi
0x000000000325e000 	/System/Library/Frameworks/CoreBluetooth.framework/Versions/A/CoreBluetooth
0x000000000325e000 	/System/Library/PrivateFrameworks/ChunkingLibrary.framework/Versions/A/ChunkingLibrary
0x000000000325e000 	/System/Library/PrivateFrameworks/DebugSymbols.framework/Versions/A/DebugSymbols
0x000000000325e000 	/System/Library/PrivateFrameworks/CoreSymbolication.framework/Versions/A/CoreSymbolication
0x000000000325e000 	/System/Library/PrivateFrameworks/Symbolication.framework/Versions/A/Symbolication
0x000000000325e000 	/System/Library/PrivateFrameworks/SpeechRecognitionCore.framework/Versions/A/SpeechRecognitionCore
0x0000000108200000 	/Library/Java/JavaVirtualMachines/jdk1.8.0_73.jdk/Contents/Home/jre/lib/server/libjvm.dylib
0x000000000325e000 	/usr/lib/libstdc++.6.dylib
0x00000001079e3000 	/Library/Java/JavaVirtualMachines/jdk1.8.0_73.jdk/Contents/Home/jre/lib/libverify.dylib
0x000000010918d000 	/Library/Java/JavaVirtualMachines/jdk1.8.0_73.jdk/Contents/Home/jre/lib/libjava.dylib
0x00000001091c2000 	/Library/Java/JavaVirtualMachines/jdk1.8.0_73.jdk/Contents/Home/jre/lib/libzip.dylib
0x000000011eb2d000 	/System/Library/Frameworks/JavaVM.framework/Frameworks/JavaRuntimeSupport.framework/JavaRuntimeSupport
0x000000011eb48000 	/System/Library/Frameworks/JavaVM.framework/Versions/A/Frameworks/JavaNativeFoundation.framework/Versions/A/JavaNativeFoundation
0x000000011eb5d000 	/System/Library/Frameworks/JavaVM.framework/Versions/A/JavaVM
0x000000000325e000 	/System/Library/Frameworks/Carbon.framework/Versions/A/Carbon
0x000000011eb6a000 	/System/Library/PrivateFrameworks/JavaLaunching.framework/Versions/A/JavaLaunching
0x000000000325e000 	/System/Library/Frameworks/Carbon.framework/Versions/A/Frameworks/CommonPanels.framework/Versions/A/CommonPanels
0x000000000325e000 	/System/Library/Frameworks/Carbon.framework/Versions/A/Frameworks/Help.framework/Versions/A/Help
0x000000000325e000 	/System/Library/Frameworks/Carbon.framework/Versions/A/Frameworks/ImageCapture.framework/Versions/A/ImageCapture
0x000000000325e000 	/System/Library/Frameworks/Carbon.framework/Versions/A/Frameworks/OpenScripting.framework/Versions/A/OpenScripting
0x000000000325e000 	/System/Library/Frameworks/Carbon.framework/Versions/A/Frameworks/Print.framework/Versions/A/Print
0x000000000325e000 	/System/Library/Frameworks/Carbon.framework/Versions/A/Frameworks/SecurityHI.framework/Versions/A/SecurityHI

VM Arguments:
jvm_args: -Xverify:none 
java_command: korat.Korat -c AcyclicGraph --args 2
java_class_path (initial): korat.jar:acyclicgraph.jar
Launcher Type: SUN_STANDARD

Environment Variables:
CLASSPATH=:/Users/leann/GATech_Classes/cs6340_SAT_fall16/cs6340/Assignment3/korat/alloy4viz.jar:/Users/leann/GATech_Classes/cs6340_SAT_fall16/cs6340/Assignment3/korat/commons-cli-1.0.jar:/Users/leann/GATech_Classes/cs6340_SAT_fall16/cs6340/Assignment3/korat/javassist.jar:/Users/leann/GATech_Classes/cs6340_SAT_fall16/cs6340/Assignment3/korat/junit.jar:/Users/leann/GATech_Classes/cs6340_SAT_fall16/cs6340/Assignment3/korat/korat.jar
PATH=/Users/leann/anaconda/bin:/Users/leann/anaconda/bin:/usr/local/bin:/usr/bin:/bin:/usr/sbin:/sbin:/opt/ImageMagick/bin:/Users/leann/SnowLeopard_Lion_Mountain_Lion_Mavericks_Yosemite_El-Captain_25.02.2016:/Users/leann/SnowLeopard_Lion_Mountain_Lion_Mavericks_Yosemite_El-Captain_25.02.2016
SHELL=/bin/bash

Signal Handlers:
SIGSEGV: [libjvm.dylib+0x5a71a5], sa_mask[0]=11111111011111110111111111111111, sa_flags=SA_ONSTACK|SA_RESTART|SA_SIGINFO
SIGBUS: [libjvm.dylib+0x5a71a5], sa_mask[0]=11111111011111110111111111111111, sa_flags=SA_RESTART|SA_SIGINFO
SIGFPE: [libjvm.dylib+0x480eb4], sa_mask[0]=11111111011111110111111111111111, sa_flags=SA_RESTART|SA_SIGINFO
SIGPIPE: [libjvm.dylib+0x480eb4], sa_mask[0]=11111111011111110111111111111111, sa_flags=SA_RESTART|SA_SIGINFO
SIGXFSZ: [libjvm.dylib+0x480eb4], sa_mask[0]=11111111011111110111111111111111, sa_flags=SA_RESTART|SA_SIGINFO
SIGILL: [libjvm.dylib+0x480eb4], sa_mask[0]=11111111011111110111111111111111, sa_flags=SA_RESTART|SA_SIGINFO
SIGUSR1: SIG_DFL, sa_mask[0]=11011111011111100000000111000110, sa_flags=none
SIGUSR2: [libjvm.dylib+0x4809d2], sa_mask[0]=00000000000000000000000000000000, sa_flags=SA_RESTART|SA_SIGINFO
SIGHUP: [libjvm.dylib+0x47efa9], sa_mask[0]=11111111011111110111111111111111, sa_flags=SA_RESTART|SA_SIGINFO
SIGINT: [libjvm.dylib+0x47efa9], sa_mask[0]=11111111011111110111111111111111, sa_flags=SA_RESTART|SA_SIGINFO
SIGTERM: [libjvm.dylib+0x47efa9], sa_mask[0]=11111111011111110111111111111111, sa_flags=SA_RESTART|SA_SIGINFO
SIGQUIT: [libjvm.dylib+0x47efa9], sa_mask[0]=11111111011111110111111111111111, sa_flags=SA_RESTART|SA_SIGINFO


---------------  S Y S T E M  ---------------

OS:Bsduname:Darwin 15.6.0 Darwin Kernel Version 15.6.0: Thu Jun 23 18:25:34 PDT 2016; root:xnu-3248.60.10~1/RELEASE_X86_64 x86_64
rlimit: STACK 8192k, CORE 0k, NPROC 709, NOFILE 10240, AS infinity
load average:1.49 1.47 1.48

CPU:total 4 (2 cores per cpu, 2 threads per core) family 6 model 61 stepping 4, cmov, cx8, fxsr, mmx, sse, sse2, sse3, ssse3, sse4.1, sse4.2, popcnt, avx, avx2, aes, clmul, erms, rtm, 3dnowpref, lzcnt, ht, tsc, tscinvbit, bmi1, bmi2, adx

Memory: 4k page, physical 8388608k(2091116k free)

/proc/meminfo:


vm_info: Java HotSpot(TM) 64-Bit Server VM (25.73-b02) for bsd-amd64 JRE (1.8.0_73-b02), built on Jan 29 2016 15:02:00 by "java_re" with gcc 4.2.1 (Based on Apple Inc. build 5658) (LLVM build 2336.11.00)

time: Sun Sep 25 15:24:29 2016
elapsed time: 0 seconds (0d 0h 0m 0s)

